


ARM Macro Assembler    Page 1 


    1 00000000         ;/******************************************************
                       *************************
    2 00000000         ;*                                 AMetal
    3 00000000         ;*                       ----------------------------
    4 00000000         ;*                       innovating embedded platform
    5 00000000         ;*
    6 00000000         ;* Copyright (c) 2001-2018 Guangzhou ZHIYUAN Electronics
                        Co., Ltd.
    7 00000000         ;* All rights reserved.
    8 00000000         ;*
    9 00000000         ;* Contact information:
   10 00000000         ;* web site:    http://www.zlg.cn/
   11 00000000         ;*******************************************************
                       ************************/
   12 00000000         
   13 00000000         ;/**
   14 00000000         ; * \file
   15 00000000         ; * \brief LPC8xx startup code for ARMCC compiler
   16 00000000         ; *
   17 00000000         ; * \internal
   18 00000000         ; * \par Modification History
   19 00000000         ; * - 1.00 15-06-25  jon, first implementation
   20 00000000         ; * \endinternal
   21 00000000         ; */
   22 00000000         
   23 00000000         ; <h> Stack Configuration
   24 00000000         ;   <o> Stack Size (in Bytes) <0x0-0xFFFFFFFF:8>
   25 00000000         ; </h>
   26 00000000         
   27 00000000 00000400 
                       Stack_Size
                               EQU              0x00000400
   28 00000000         
   29 00000000                 AREA             STACK, NOINIT, READWRITE, ALIGN
=3
   30 00000000         Stack_Mem
                               SPACE            Stack_Size
   31 00000400         __initial_sp
   32 00000400         
   33 00000400         ; <h> Heap Configuration
   34 00000400         ;   <o>  Heap Size (in Bytes) <0x0-0xFFFFFFFF:8>
   35 00000400         ; </h>
   36 00000400         
   37 00000400 00000200 
                       Heap_Size
                               EQU              0x00000200
   38 00000400         
   39 00000400                 AREA             HEAP, NOINIT, READWRITE, ALIGN=
3
   40 00000000         __heap_base
   41 00000000         Heap_Mem
                               SPACE            Heap_Size
   42 00000200         __heap_limit
   43 00000200         
   44 00000200                 PRESERVE8
   45 00000200                 THUMB
   46 00000200         
   47 00000200         ; Vector Table Mapped to Address 0 at Reset
   48 00000200                 AREA             RESET, DATA, READONLY



ARM Macro Assembler    Page 2 


   49 00000000                 EXPORT           __Vectors
   50 00000000         
   51 00000000 00000000 
                       __Vectors
                               DCD              __initial_sp ; Top of Stack
   52 00000004 00000000        DCD              Reset_Handler ; Reset Handler
   53 00000008 00000000        DCD              NMI_Handler ; NMI Handler
   54 0000000C 00000000        DCD              HardFault_Handler ; Hard Fault 
                                                            Handler
   55 00000010 00000000        DCD              0           ; Reserved
   56 00000014 00000000        DCD              0           ; Reserved
   57 00000018 00000000        DCD              0           ; Reserved
   58 0000001C 00000000        DCD              0           ; Reserved
   59 00000020 00000000        DCD              0           ; Reserved
   60 00000024 00000000        DCD              0           ; Reserved
   61 00000028 00000000        DCD              0           ; Reserved
   62 0000002C 00000000        DCD              SVC_Handler ; SVCall Handler
   63 00000030 00000000        DCD              0           ; Reserved
   64 00000034 00000000        DCD              0           ; Reserved
   65 00000038 00000000        DCD              PendSV_Handler ; PendSV Handler
                                                            
   66 0000003C 00000000        DCD              SysTick_Handler 
                                                            ; SysTick Handler
   67 00000040         
   68 00000040         ; External Interrupts
   69 00000040 00000000        DCD              am_exc_eint_handler 
                                                            ; SPI0 controller
   70 00000044 00000000        DCD              am_exc_eint_handler 
                                                            ; SPI1 controller
   71 00000048 00000000        DCD              0           ; Reserved
   72 0000004C 00000000        DCD              am_exc_eint_handler ; UART0
   73 00000050 00000000        DCD              am_exc_eint_handler ; UART1
   74 00000054 00000000        DCD              am_exc_eint_handler ; UART2
   75 00000058 00000000        DCD              0           ; Reserved
   76 0000005C 00000000        DCD              am_exc_eint_handler 
                                                            ; I2C1 controller
   77 00000060 00000000        DCD              am_exc_eint_handler 
                                                            ; I2C0 controller
   78 00000064 00000000        DCD              am_exc_eint_handler ; Smart Cou
                                                            nter Timer
   79 00000068 00000000        DCD              am_exc_eint_handler 
                                                            ; Multi-Rate Timer
   80 0000006C 00000000        DCD              am_exc_eint_handler 
                                                            ; Comparator
   81 00000070 00000000        DCD              am_exc_eint_handler ; watchdog 
                                                            warning interrupt
   82 00000074 00000000        DCD              am_exc_eint_handler 
                                                            ; Brown Out Detect
   83 00000078 00000000        DCD              am_exc_eint_handler ; Non-Volat
                                                            ile Memory Controll
                                                            er
   84 0000007C 00000000        DCD              am_exc_eint_handler 
                                                            ; Wakeup timer
   85 00000080 00000000        DCD              am_exc_eint_handler ; ADC Seque
                                                            nce A Completion [O
                                                            nly on LPC82X]
   86 00000084 00000000        DCD              am_exc_eint_handler ; ADC Seque
                                                            nce B Completion [O
                                                            nly on LPC82X]



ARM Macro Assembler    Page 3 


   87 00000088 00000000        DCD              am_exc_eint_handler ; ADC Thres
                                                            hold compare [Only 
                                                            on LPC82X]
   88 0000008C 00000000        DCD              am_exc_eint_handler ; ADC Overr
                                                            un [Only on LPC82X]
                                                            
   89 00000090 00000000        DCD              am_exc_eint_handler ; DMA Contr
                                                            oller [Only on LPC8
                                                            2X]
   90 00000094 00000000        DCD              am_exc_eint_handler ; I2C2 Cont
                                                            roller [Only on LPC
                                                            82X]
   91 00000098 00000000        DCD              am_exc_eint_handler ; I2C3 Cont
                                                            roller [Only on LPC
                                                            82X]
   92 0000009C 00000000        DCD              0           ; Reserved
   93 000000A0 00000000        DCD              am_exc_eint_handler ; PIO INT0
   94 000000A4 00000000        DCD              am_exc_eint_handler ; PIO INT1
   95 000000A8 00000000        DCD              am_exc_eint_handler ; PIO INT2
   96 000000AC 00000000        DCD              am_exc_eint_handler ; PIO INT3
   97 000000B0 00000000        DCD              am_exc_eint_handler ; PIO INT4
   98 000000B4 00000000        DCD              am_exc_eint_handler ; PIO INT5
   99 000000B8 00000000        DCD              am_exc_eint_handler ; PIO INT6
  100 000000BC 00000000        DCD              am_exc_eint_handler ; PIO INT7
  101 000000C0         
  102 000000C0         
  103 000000C0         ;//   <h> Code Read Protection level (CRP)
  104 000000C0         ;//     <o>    CRP_Level:
  105 000000C0         ;//                     <0xFFFFFFFF=> Disabled
  106 000000C0         ;//                     <0x4E697370=> NO_ISP
  107 000000C0         ;//                     <0x12345678=> CRP1
  108 000000C0         ;//                     <0x87654321=> CRP2
  109 000000C0         ;//                     <0x43218765=> CRP3 (Are you sure
                       ?)
  110 000000C0         ;//   </h>
  111 000000C0 FFFFFFFF 
                       CRP_Level
                               EQU              0xFFFFFFFF
  112 000000C0         
  113 000000C0                 IF               :LNOT::DEF:NO_CRP
  114 000000C0                 AREA             |.ARM.__at_0x02FC|, CODE, READO
NLY
  115 00000000 FFFFFFFF 
                       CRP_Key DCD              0xFFFFFFFF
  116 00000004                 ENDIF
  117 00000004         
  118 00000004         
  119 00000004                 AREA             |.text|, CODE, READONLY
  120 00000000         
  121 00000000         ; Reset Handler
  122 00000000         Reset_Handler
                               PROC
  123 00000000                 EXPORT           Reset_Handler             [WEAK
]
  124 00000000                 IMPORT           __main
  125 00000000 4803            LDR              R0, =__main
  126 00000002 4700            BX               R0
  127 00000004                 ENDP
  128 00000004         



ARM Macro Assembler    Page 4 


  129 00000004         NMI_Handler
                               PROC
  130 00000004                 EXPORT           NMI_Handler               [WEAK
]
  131 00000004 E7FE            B                .
  132 00000006                 ENDP
  133 00000006         
  135 00000006         HardFault_Handler
                               PROC
  136 00000006                 EXPORT           HardFault_Handler         [WEAK
]
  137 00000006 E7FE            B                .
  138 00000008                 ENDP
  139 00000008         
  140 00000008         SVC_Handler
                               PROC
  141 00000008                 EXPORT           SVC_Handler               [WEAK
]
  142 00000008 E7FE            B                .
  143 0000000A                 ENDP
  144 0000000A         
  145 0000000A         PendSV_Handler
                               PROC
  146 0000000A                 EXPORT           PendSV_Handler            [WEAK
]
  147 0000000A E7FE            B                .
  148 0000000C                 ENDP
  149 0000000C         
  150 0000000C         SysTick_Handler
                               PROC
  151 0000000C                 EXPORT           SysTick_Handler           [WEAK
]
  152 0000000C E7FE            B                .
  153 0000000E                 ENDP
  154 0000000E         
  155 0000000E         Default_Handler
                               PROC
  156 0000000E         
  157 0000000E                 EXPORT           am_exc_eint_handler       [WEAK
]
  158 0000000E         
  159 0000000E         am_exc_eint_handler
  160 0000000E E7FE            B                .
  161 00000010         
  162 00000010                 ENDP
  163 00000010         
  164 00000010                 ALIGN
  165 00000010         
  166 00000010         ; User Initial Stack & Heap
  167 00000010         
  168 00000010                 IF               :DEF:__MICROLIB
  169 00000010         
  170 00000010                 EXPORT           __initial_sp
  171 00000010                 EXPORT           __heap_base
  172 00000010                 EXPORT           __heap_limit
  173 00000010         
  174 00000010                 ELSE
  189                          ENDIF
  190 00000010         



ARM Macro Assembler    Page 5 


  191 00000010                 END
              00000000 
Command Line: --debug --xref --diag_suppress=9931 --cpu=Cortex-M0+ --apcs=inter
work --depend=.\debug\am_lpc84x_armcc_startup.d -o.\debug\am_lpc84x_armcc_start
up.o -I.\RTE\_debug -IC:\Keil_v5\ARM\PACK\NXP\LPC845_DFP\11.0.0 -IC:\Keil_v5\AR
M\CMSIS\Include --predefine="__EVAL SETA 1" --predefine="__MICROLIB SETA 1" --p
redefine="__UVISION_VERSION SETA 527" --predefine="CPU_LPC845M301JHI33 SETA 1" 
--list=.\am_lpc84x_armcc_startup.lst ..\startup\am_lpc84x_armcc_startup.s



ARM Macro Assembler    Page 1 Alphabetic symbol ordering
Relocatable symbols

STACK 00000000

Symbol: STACK
   Definitions
      At line 29 in file ..\startup\am_lpc84x_armcc_startup.s
   Uses
      None
Comment: STACK unused
Stack_Mem 00000000

Symbol: Stack_Mem
   Definitions
      At line 30 in file ..\startup\am_lpc84x_armcc_startup.s
   Uses
      None
Comment: Stack_Mem unused
__initial_sp 00000400

Symbol: __initial_sp
   Definitions
      At line 31 in file ..\startup\am_lpc84x_armcc_startup.s
   Uses
      At line 51 in file ..\startup\am_lpc84x_armcc_startup.s
      At line 170 in file ..\startup\am_lpc84x_armcc_startup.s

3 symbols



ARM Macro Assembler    Page 1 Alphabetic symbol ordering
Relocatable symbols

HEAP 00000000

Symbol: HEAP
   Definitions
      At line 39 in file ..\startup\am_lpc84x_armcc_startup.s
   Uses
      None
Comment: HEAP unused
Heap_Mem 00000000

Symbol: Heap_Mem
   Definitions
      At line 41 in file ..\startup\am_lpc84x_armcc_startup.s
   Uses
      None
Comment: Heap_Mem unused
__heap_base 00000000

Symbol: __heap_base
   Definitions
      At line 40 in file ..\startup\am_lpc84x_armcc_startup.s
   Uses
      At line 171 in file ..\startup\am_lpc84x_armcc_startup.s
Comment: __heap_base used once
__heap_limit 00000200

Symbol: __heap_limit
   Definitions
      At line 42 in file ..\startup\am_lpc84x_armcc_startup.s
   Uses
      At line 172 in file ..\startup\am_lpc84x_armcc_startup.s
Comment: __heap_limit used once
4 symbols



ARM Macro Assembler    Page 1 Alphabetic symbol ordering
Relocatable symbols

RESET 00000000

Symbol: RESET
   Definitions
      At line 48 in file ..\startup\am_lpc84x_armcc_startup.s
   Uses
      None
Comment: RESET unused
__Vectors 00000000

Symbol: __Vectors
   Definitions
      At line 51 in file ..\startup\am_lpc84x_armcc_startup.s
   Uses
      At line 49 in file ..\startup\am_lpc84x_armcc_startup.s
Comment: __Vectors used once
2 symbols



ARM Macro Assembler    Page 1 Alphabetic symbol ordering
Relocatable symbols

.ARM.__at_0x02FC 00000000

Symbol: .ARM.__at_0x02FC
   Definitions
      At line 114 in file ..\startup\am_lpc84x_armcc_startup.s
   Uses
      None
Comment: .ARM.__at_0x02FC unused
CRP_Key 00000000

Symbol: CRP_Key
   Definitions
      At line 115 in file ..\startup\am_lpc84x_armcc_startup.s
   Uses
      None
Comment: CRP_Key unused
2 symbols



ARM Macro Assembler    Page 1 Alphabetic symbol ordering
Relocatable symbols

.text 00000000

Symbol: .text
   Definitions
      At line 119 in file ..\startup\am_lpc84x_armcc_startup.s
   Uses
      None
Comment: .text unused
Default_Handler 0000000E

Symbol: Default_Handler
   Definitions
      At line 155 in file ..\startup\am_lpc84x_armcc_startup.s
   Uses
      None
Comment: Default_Handler unused
HardFault_Handler 00000006

Symbol: HardFault_Handler
   Definitions
      At line 135 in file ..\startup\am_lpc84x_armcc_startup.s
   Uses
      At line 54 in file ..\startup\am_lpc84x_armcc_startup.s
      At line 136 in file ..\startup\am_lpc84x_armcc_startup.s

NMI_Handler 00000004

Symbol: NMI_Handler
   Definitions
      At line 129 in file ..\startup\am_lpc84x_armcc_startup.s
   Uses
      At line 53 in file ..\startup\am_lpc84x_armcc_startup.s
      At line 130 in file ..\startup\am_lpc84x_armcc_startup.s

PendSV_Handler 0000000A

Symbol: PendSV_Handler
   Definitions
      At line 145 in file ..\startup\am_lpc84x_armcc_startup.s
   Uses
      At line 65 in file ..\startup\am_lpc84x_armcc_startup.s
      At line 146 in file ..\startup\am_lpc84x_armcc_startup.s

Reset_Handler 00000000

Symbol: Reset_Handler
   Definitions
      At line 122 in file ..\startup\am_lpc84x_armcc_startup.s
   Uses
      At line 52 in file ..\startup\am_lpc84x_armcc_startup.s
      At line 123 in file ..\startup\am_lpc84x_armcc_startup.s

SVC_Handler 00000008

Symbol: SVC_Handler
   Definitions
      At line 140 in file ..\startup\am_lpc84x_armcc_startup.s
   Uses
      At line 62 in file ..\startup\am_lpc84x_armcc_startup.s



ARM Macro Assembler    Page 2 Alphabetic symbol ordering
Relocatable symbols

      At line 141 in file ..\startup\am_lpc84x_armcc_startup.s

SysTick_Handler 0000000C

Symbol: SysTick_Handler
   Definitions
      At line 150 in file ..\startup\am_lpc84x_armcc_startup.s
   Uses
      At line 66 in file ..\startup\am_lpc84x_armcc_startup.s
      At line 151 in file ..\startup\am_lpc84x_armcc_startup.s

am_exc_eint_handler 0000000E

Symbol: am_exc_eint_handler
   Definitions
      At line 159 in file ..\startup\am_lpc84x_armcc_startup.s
   Uses
      At line 69 in file ..\startup\am_lpc84x_armcc_startup.s
      At line 70 in file ..\startup\am_lpc84x_armcc_startup.s
      At line 72 in file ..\startup\am_lpc84x_armcc_startup.s
      At line 73 in file ..\startup\am_lpc84x_armcc_startup.s
      At line 74 in file ..\startup\am_lpc84x_armcc_startup.s
      At line 76 in file ..\startup\am_lpc84x_armcc_startup.s
      At line 77 in file ..\startup\am_lpc84x_armcc_startup.s
      At line 78 in file ..\startup\am_lpc84x_armcc_startup.s
      At line 79 in file ..\startup\am_lpc84x_armcc_startup.s
      At line 80 in file ..\startup\am_lpc84x_armcc_startup.s
      At line 81 in file ..\startup\am_lpc84x_armcc_startup.s
      At line 82 in file ..\startup\am_lpc84x_armcc_startup.s
      At line 83 in file ..\startup\am_lpc84x_armcc_startup.s
      At line 84 in file ..\startup\am_lpc84x_armcc_startup.s
      At line 85 in file ..\startup\am_lpc84x_armcc_startup.s
      At line 86 in file ..\startup\am_lpc84x_armcc_startup.s
      At line 87 in file ..\startup\am_lpc84x_armcc_startup.s
      At line 88 in file ..\startup\am_lpc84x_armcc_startup.s
      At line 89 in file ..\startup\am_lpc84x_armcc_startup.s
      At line 90 in file ..\startup\am_lpc84x_armcc_startup.s
      At line 91 in file ..\startup\am_lpc84x_armcc_startup.s
      At line 93 in file ..\startup\am_lpc84x_armcc_startup.s
      At line 94 in file ..\startup\am_lpc84x_armcc_startup.s
      At line 95 in file ..\startup\am_lpc84x_armcc_startup.s
      At line 96 in file ..\startup\am_lpc84x_armcc_startup.s
      At line 97 in file ..\startup\am_lpc84x_armcc_startup.s
      At line 98 in file ..\startup\am_lpc84x_armcc_startup.s
      At line 99 in file ..\startup\am_lpc84x_armcc_startup.s
      At line 100 in file ..\startup\am_lpc84x_armcc_startup.s
      At line 157 in file ..\startup\am_lpc84x_armcc_startup.s

9 symbols



ARM Macro Assembler    Page 1 Alphabetic symbol ordering
Absolute symbols

CRP_Level FFFFFFFF

Symbol: CRP_Level
   Definitions
      At line 111 in file ..\startup\am_lpc84x_armcc_startup.s
   Uses
      None
Comment: CRP_Level unused
Heap_Size 00000200

Symbol: Heap_Size
   Definitions
      At line 37 in file ..\startup\am_lpc84x_armcc_startup.s
   Uses
      At line 41 in file ..\startup\am_lpc84x_armcc_startup.s
Comment: Heap_Size used once
Stack_Size 00000400

Symbol: Stack_Size
   Definitions
      At line 27 in file ..\startup\am_lpc84x_armcc_startup.s
   Uses
      At line 30 in file ..\startup\am_lpc84x_armcc_startup.s
Comment: Stack_Size used once
3 symbols



ARM Macro Assembler    Page 1 Alphabetic symbol ordering
External symbols

__main 00000000

Symbol: __main
   Definitions
      At line 124 in file ..\startup\am_lpc84x_armcc_startup.s
   Uses
      At line 125 in file ..\startup\am_lpc84x_armcc_startup.s
Comment: __main used once
1 symbol
362 symbols in table
